╭──────────────────────────────────────────────────────────────────────────────────────────────────────────────────────────────────────────────────────────────────────────────────────────────────────────────────────────────────────────────────────────────╮
│  Executing geNomad summary (v1.11.1). This will summarize the results across modules into a classification report.                                                                                                                                           │
│  ──────────────────────────────────────────────────────────────────────────────────────────────────────────────────────────────────────────────────────────────────────────────────────────────────────────────────────────────────────────────────────────  │
│  Outputs:                                                                                                                                                                                                                                                    │
│    scaffolds_genomad/scaffolds_summary                                                                                                                                                                                                                       │
│    ├── scaffolds_summary.json (execution parameters)                                                                                                                                                                                                         │
│    ├── scaffolds_virus_summary.tsv (virus classification summary)                                                                                                                                                                                            │
│    ├── scaffolds_plasmid_summary.tsv (plasmid classification summary)                                                                                                                                                                                        │
│    ├── scaffolds_virus.fna (virus nucleotide FASTA file)                                                                                                                                                                                                     │
│    ├── scaffolds_plasmid.fna (plasmid nucleotide FASTA file)                                                                                                                                                                                                 │
│    ├── scaffolds_virus_proteins.faa (virus protein FASTA file)                                                                                                                                                                                               │
│    ├── scaffolds_plasmid_proteins.faa (plasmid protein FASTA file)                                                                                                                                                                                           │
│    ├── scaffolds_virus_genes.tsv (virus gene annotation data)                                                                                                                                                                                                │
│    └── scaffolds_plasmid_genes.tsv (plasmid gene annotation data)                                                                                                                                                                                            │
╰──────────────────────────────────────────────────────────────────────────────────────────────────────────────────────────────────────────────────────────────────────────────────────────────────────────────────────────────────────────────────────────────╯
[12:20:15] Executing genomad summary.                                                                                                                                                                                                                           
[12:20:15] Creating the scaffolds_genomad/scaffolds_summary directory.                                                                                                                                                                                          
[12:20:15] Using scores from aggregated-classification.                                                                                                                                                                                                         
[12:20:15] 0 plasmid(s) and 24 virus(es) were identified.                                                                                                                                                                                                       
[12:20:15] Nucleotide sequences were written to scaffolds_plasmid.fna and scaffolds_virus.fna.                                                                                                                                                                  
[12:20:15] Protein sequences were written to scaffolds_plasmid_proteins.faa and scaffolds_virus_proteins.faa.                                                                                                                                                   
[12:20:15] Gene annotation data was written to scaffolds_plasmid_genes.tsv and scaffolds_virus_genes.tsv.                                                                                                                                                       
[12:20:15] Summary files were written to scaffolds_plasmid_summary.tsv and scaffolds_virus_summary.tsv.                                                                                                                                                         
[12:20:15] geNomad summary finished!                                                                                                                                                                                                                            
