╭──────────────────────────────────────────────────────────────────────────────────────────────────────────────────────────────────────────────────────────────────────────────────────────────────────────────────────────────────────────────────────────────╮
│  Executing geNomad summary (v1.11.1). This will summarize the results across modules into a classification report.                                                                                                                                           │
│  ──────────────────────────────────────────────────────────────────────────────────────────────────────────────────────────────────────────────────────────────────────────────────────────────────────────────────────────────────────────────────────────  │
│  Outputs:                                                                                                                                                                                                                                                    │
│    003_genomad/003_summary                                                                                                                                                                                                                                   │
│    ├── 003_summary.json (execution parameters)                                                                                                                                                                                                               │
│    ├── 003_virus_summary.tsv (virus classification summary)                                                                                                                                                                                                  │
│    ├── 003_plasmid_summary.tsv (plasmid classification summary)                                                                                                                                                                                              │
│    ├── 003_virus.fna (virus nucleotide FASTA file)                                                                                                                                                                                                           │
│    ├── 003_plasmid.fna (plasmid nucleotide FASTA file)                                                                                                                                                                                                       │
│    ├── 003_virus_proteins.faa (virus protein FASTA file)                                                                                                                                                                                                     │
│    ├── 003_plasmid_proteins.faa (plasmid protein FASTA file)                                                                                                                                                                                                 │
│    ├── 003_virus_genes.tsv (virus gene annotation data)                                                                                                                                                                                                      │
│    └── 003_plasmid_genes.tsv (plasmid gene annotation data)                                                                                                                                                                                                  │
╰──────────────────────────────────────────────────────────────────────────────────────────────────────────────────────────────────────────────────────────────────────────────────────────────────────────────────────────────────────────────────────────────╯
[12:47:31] Executing genomad summary.                                                                                                                                                                                                                           
[12:47:31] Creating the 003_genomad/003_summary directory.                                                                                                                                                                                                      
[12:47:31] Using scores from aggregated-classification.                                                                                                                                                                                                         
[12:47:31] 0 plasmid(s) and 1 virus(es) were identified.                                                                                                                                                                                                        
[12:47:31] Nucleotide sequences were written to 003_plasmid.fna and 003_virus.fna.                                                                                                                                                                              
[12:47:31] Protein sequences were written to 003_plasmid_proteins.faa and 003_virus_proteins.faa.                                                                                                                                                               
[12:47:31] Gene annotation data was written to 003_plasmid_genes.tsv and 003_virus_genes.tsv.                                                                                                                                                                   
[12:47:31] Summary files were written to 003_plasmid_summary.tsv and 003_virus_summary.tsv.                                                                                                                                                                     
[12:47:31] geNomad summary finished!                                                                                                                                                                                                                            
