╭──────────────────────────────────────────────────────────────────────────────────────────────────────────────────────────────────────────────────────────────────────────────────────────────────────────────────────────────────────────────────────────────╮
│  Executing geNomad marker-classification (v1.11.1). This will classify the input sequences into chromosome, plasmid, or virus based on the presence of geNomad markers and other gene-related features.                                                      │
│  ──────────────────────────────────────────────────────────────────────────────────────────────────────────────────────────────────────────────────────────────────────────────────────────────────────────────────────────────────────────────────────────  │
│  Outputs:                                                                                                                                                                                                                                                    │
│    003_genomad/003_marker_classification                                                                                                                                                                                                                     │
│    ├── 003_marker_classification.json (execution parameters)                                                                                                                                                                                                 │
│    ├── 003_features.tsv (sequence feature data: tabular format)                                                                                                                                                                                              │
│    ├── 003_features.npz (sequence feature data: binary format)                                                                                                                                                                                               │
│    ├── 003_marker_classification.tsv (sequence classification: tabular format)                                                                                                                                                                               │
│    └── 003_marker_classification.npz (sequence classification: binary format)                                                                                                                                                                                │
╰──────────────────────────────────────────────────────────────────────────────────────────────────────────────────────────────────────────────────────────────────────────────────────────────────────────────────────────────────────────────────────────────╯
[12:47:24] Executing genomad marker-classification.                                                                                                                                                                                                             
[12:47:24] Creating the 003_genomad/003_marker_classification directory.                                                                                                                                                                                        
[12:47:24] Sequence features computed.                                                                                                                                                                                                                          
[12:47:24] Sequence features in binary format written to 003_features.npz.                                                                                                                                                                                      
[12:47:25] Sequence features in tabular format written to 003_features.tsv.                                                                                                                                                                                     
[12:47:25] Sequences classified.                                                                                                                                                                                                                                
[12:47:25] Sequence classification in binary format written to 003_marker_classification.npz.                                                                                                                                                                   
[12:47:25] Sequence classification in tabular format written to 003_marker_classification.tsv.                                                                                                                                                                  
[12:47:25] geNomad marker-classification finished!                                                                                                                                                                                                              
