╭────────────────────────────────────────────────────────────────────────────────────────────────────────────────────────────────────────────────────────────────────────────────────────────────────────────────────────────────────────────────────────────────────╮
│  Executing geNomad annotate (v1.11.1). This will perform gene calling in the input sequences and annotate the predicted proteins with geNomad's markers.                                                                                                           │
│  ────────────────────────────────────────────────────────────────────────────────────────────────────────────────────────────────────────────────────────────────────────────────────────────────────────────────────────────────────────────────────────────────  │
│  Outputs:                                                                                                                                                                                                                                                          │
│    scaffolds_genomad/scaffolds_annotate                                                                                                                                                                                                                            │
│    ├── scaffolds_annotate.json (execution parameters)                                                                                                                                                                                                              │
│    ├── scaffolds_genes.tsv (gene annotation data)                                                                                                                                                                                                                  │
│    ├── scaffolds_taxonomy.tsv (taxonomic assignment)                                                                                                                                                                                                               │
│    ├── scaffolds_mmseqs2.tsv (MMseqs2 output file)                                                                                                                                                                                                                 │
│    └── scaffolds_proteins.faa (protein FASTA file)                                                                                                                                                                                                                 │
╰────────────────────────────────────────────────────────────────────────────────────────────────────────────────────────────────────────────────────────────────────────────────────────────────────────────────────────────────────────────────────────────────────╯
[12:04:58] Executing genomad annotate.                                                                                                                                                                                                                                
[12:04:58] Creating the scaffolds_genomad/scaffolds_annotate directory.                                                                                                                                                                                               
[12:04:58] Proteins predicted with pyrodigal-gv were written to scaffolds_proteins.faa.                                                                                                                                                                               
[12:05:56] Proteins annotated with MMseqs2 and geNomad database (v1.9) were written to scaffolds_mmseqs2.tsv.                                                                                                                                                         
[12:05:56] Deleting scaffolds_mmseqs2.                                                                                                                                                                                                                                
[12:06:01] Gene data was written to scaffolds_genes.tsv.                                                                                                                                                                                                              
[12:06:01] Taxonomic assignment data was written to scaffolds_taxonomy.tsv.                                                                                                                                                                                           
[12:06:01] geNomad annotate finished!                                                                                                                                                                                                                                 
╭────────────────────────────────────────────────────────────────────────────────────────────────────────────────────────────────────────────────────────────────────────────────────────────────────────────────────────────────────────────────────────────────────╮
│  Executing geNomad find-proviruses (v1.11.1). This will find putative proviral regions within the input sequences.                                                                                                                                                 │
│  ────────────────────────────────────────────────────────────────────────────────────────────────────────────────────────────────────────────────────────────────────────────────────────────────────────────────────────────────────────────────────────────────  │
│  Outputs:                                                                                                                                                                                                                                                          │
│    scaffolds_genomad/scaffolds_find_proviruses                                                                                                                                                                                                                     │
│    ├── scaffolds_find_proviruses.json (execution parameters)                                                                                                                                                                                                       │
│    ├── scaffolds_provirus.tsv (provirus data)                                                                                                                                                                                                                      │
│    ├── scaffolds_provirus.fna (provirus nucleotide sequences)                                                                                                                                                                                                      │
│    ├── scaffolds_provirus_proteins.faa (provirus protein sequences)                                                                                                                                                                                                │
│    ├── scaffolds_provirus_genes.tsv (provirus gene annotation data)                                                                                                                                                                                                │
│    ├── scaffolds_provirus_taxonomy.tsv (provirus taxonomic assignment)                                                                                                                                                                                             │
│    ├── scaffolds_provirus_mmseqs2.tsv (MMseqs2 output file)                                                                                                                                                                                                        │
│    └── scaffolds_provirus_aragorn.tsv (Aragorn output file)                                                                                                                                                                                                        │
╰────────────────────────────────────────────────────────────────────────────────────────────────────────────────────────────────────────────────────────────────────────────────────────────────────────────────────────────────────────────────────────────────────╯
[12:06:01] Executing genomad find-proviruses.                                                                                                                                                                                                                         
[12:06:01] Creating the scaffolds_genomad/scaffolds_find_proviruses directory.                                                                                                                                                                                        
[12:06:02] No potential provirus-carrying sequences were identified.                                                                                                                                                                                                  
[12:06:02] geNomad find-proviruses finished!                                                                                                                                                                                                                          
╭────────────────────────────────────────────────────────────────────────────────────────────────────────────────────────────────────────────────────────────────────────────────────────────────────────────────────────────────────────────────────────────────────╮
│  Executing geNomad marker-classification (v1.11.1). This will classify the input sequences into chromosome, plasmid, or virus based on the presence of geNomad markers and other gene-related features.                                                            │
│  ────────────────────────────────────────────────────────────────────────────────────────────────────────────────────────────────────────────────────────────────────────────────────────────────────────────────────────────────────────────────────────────────  │
│  Outputs:                                                                                                                                                                                                                                                          │
│    scaffolds_genomad/scaffolds_marker_classification                                                                                                                                                                                                               │
│    ├── scaffolds_marker_classification.json (execution parameters)                                                                                                                                                                                                 │
│    ├── scaffolds_features.tsv (sequence feature data: tabular format)                                                                                                                                                                                              │
│    ├── scaffolds_features.npz (sequence feature data: binary format)                                                                                                                                                                                               │
│    ├── scaffolds_marker_classification.tsv (sequence classification: tabular format)                                                                                                                                                                               │
│    └── scaffolds_marker_classification.npz (sequence classification: binary format)                                                                                                                                                                                │
╰────────────────────────────────────────────────────────────────────────────────────────────────────────────────────────────────────────────────────────────────────────────────────────────────────────────────────────────────────────────────────────────────────╯
[12:06:02] Executing genomad marker-classification.                                                                                                                                                                                                                   
[12:06:02] Creating the scaffolds_genomad/scaffolds_marker_classification directory.                                                                                                                                                                                  
[12:06:02] Sequence features computed.                                                                                                                                                                                                                                
[12:06:02] Sequence features in binary format written to scaffolds_features.npz.                                                                                                                                                                                      
[12:06:02] Sequence features in tabular format written to scaffolds_features.tsv.                                                                                                                                                                                     
[12:06:03] Sequences classified.                                                                                                                                                                                                                                      
[12:06:03] Sequence classification in binary format written to scaffolds_marker_classification.npz.                                                                                                                                                                   
[12:06:03] Sequence classification in tabular format written to scaffolds_marker_classification.tsv.                                                                                                                                                                  
[12:06:03] geNomad marker-classification finished!                                                                                                                                                                                                                    
╭────────────────────────────────────────────────────────────────────────────────────────────────────────────────────────────────────────────────────────────────────────────────────────────────────────────────────────────────────────────────────────────────────╮
│  Executing geNomad nn-classification (v1.11.1). This will classify the input sequences into chromosome, plasmid, or virus based on the nucleotide sequence.                                                                                                        │
│  ────────────────────────────────────────────────────────────────────────────────────────────────────────────────────────────────────────────────────────────────────────────────────────────────────────────────────────────────────────────────────────────────  │
│  Outputs:                                                                                                                                                                                                                                                          │
│    scaffolds_genomad/scaffolds_nn_classification                                                                                                                                                                                                                   │
│    ├── scaffolds_nn_classification.json (execution parameters)                                                                                                                                                                                                     │
│    ├── scaffolds_encoded_sequences (directory containing encoded sequence data)                                                                                                                                                                                    │
│    ├── scaffolds_nn_classification.tsv (contig classification: tabular format)                                                                                                                                                                                     │
│    └── scaffolds_nn_classification.npz (contig classification: binary format)                                                                                                                                                                                      │
╰────────────────────────────────────────────────────────────────────────────────────────────────────────────────────────────────────────────────────────────────────────────────────────────────────────────────────────────────────────────────────────────────────╯
[12:06:06] Executing genomad nn-classification.                                                                                                                                                                                                                       
[12:06:06] Creating the scaffolds_genomad/scaffolds_nn_classification directory.                                                                                                                                                                                      
[12:06:06] Creating the scaffolds_genomad/scaffolds_nn_classification/scaffolds_encoded_sequences directory.                                                                                                                                                          
[12:06:07] Encoded sequence data written to scaffolds_encoded_sequences.                                                                                                                                                                                              

[12:06:12] Sequences classified.                                                                                                                                                                                                                                      
[12:06:12] Sequence classification in binary format written to scaffolds_nn_classification.npz.                                                                                                                                                                       
[12:06:12] Deleting encoded sequence data.                                                                                                                                                                                                                            
[12:06:12] Sequence classification in tabular format written to scaffolds_nn_classification.tsv.                                                                                                                                                                      
[12:06:12] geNomad nn-classification finished!                                                                                                                                                                                                                        
╭────────────────────────────────────────────────────────────────────────────────────────────────────────────────────────────────────────────────────────────────────────────────────────────────────────────────────────────────────────────────────────────────────╮
│  Executing geNomad aggregated-classification (v1.11.1). This will aggregate the results of the marker-classification and nn-classification modules to classify the input sequences into chromosome, plasmid, or virus.                                             │
│  ────────────────────────────────────────────────────────────────────────────────────────────────────────────────────────────────────────────────────────────────────────────────────────────────────────────────────────────────────────────────────────────────  │
│  Outputs:                                                                                                                                                                                                                                                          │
│    scaffolds_genomad/scaffolds_aggregated_classification                                                                                                                                                                                                           │
│    ├── scaffolds_aggregated_classification.json (execution parameters)                                                                                                                                                                                             │
│    ├── scaffolds_aggregated_classification.tsv (sequence classification: tabular format)                                                                                                                                                                           │
│    └── scaffolds_aggregated_classification.npz (sequence classification: binary format)                                                                                                                                                                            │
╰────────────────────────────────────────────────────────────────────────────────────────────────────────────────────────────────────────────────────────────────────────────────────────────────────────────────────────────────────────────────────────────────────╯
[12:06:12] Executing genomad aggregated-classification.                                                                                                                                                                                                               
[12:06:12] Creating the scaffolds_genomad/scaffolds_aggregated_classification directory.                                                                                                                                                                              
[12:06:12] The total marker frequencies of the input sequences were computed.                                                                                                                                                                                         
[12:06:12] Sequences classified.                                                                                                                                                                                                                                      
[12:06:12] Sequence classification in binary format written to scaffolds_aggregated_classification.npz.                                                                                                                                                               
[12:06:12] Sequence classification in tabular format written to scaffolds_aggregated_classification.tsv.                                                                                                                                                              
[12:06:12] geNomad aggregated-classification finished!                                                                                                                                                                                                                
╭────────────────────────────────────────────────────────────────────────────────────────────────────────────────────────────────────────────────────────────────────────────────────────────────────────────────────────────────────────────────────────────────────╮
│  Executing geNomad summary (v1.11.1). This will summarize the results across modules into a classification report.                                                                                                                                                 │
│  ────────────────────────────────────────────────────────────────────────────────────────────────────────────────────────────────────────────────────────────────────────────────────────────────────────────────────────────────────────────────────────────────  │
│  Outputs:                                                                                                                                                                                                                                                          │
│    scaffolds_genomad/scaffolds_summary                                                                                                                                                                                                                             │
│    ├── scaffolds_summary.json (execution parameters)                                                                                                                                                                                                               │
│    ├── scaffolds_virus_summary.tsv (virus classification summary)                                                                                                                                                                                                  │
│    ├── scaffolds_plasmid_summary.tsv (plasmid classification summary)                                                                                                                                                                                              │
│    ├── scaffolds_virus.fna (virus nucleotide FASTA file)                                                                                                                                                                                                           │
│    ├── scaffolds_plasmid.fna (plasmid nucleotide FASTA file)                                                                                                                                                                                                       │
│    ├── scaffolds_virus_proteins.faa (virus protein FASTA file)                                                                                                                                                                                                     │
│    ├── scaffolds_plasmid_proteins.faa (plasmid protein FASTA file)                                                                                                                                                                                                 │
│    ├── scaffolds_virus_genes.tsv (virus gene annotation data)                                                                                                                                                                                                      │
│    └── scaffolds_plasmid_genes.tsv (plasmid gene annotation data)                                                                                                                                                                                                  │
╰────────────────────────────────────────────────────────────────────────────────────────────────────────────────────────────────────────────────────────────────────────────────────────────────────────────────────────────────────────────────────────────────────╯
[12:06:12] Executing genomad summary.                                                                                                                                                                                                                                 
[12:06:12] Creating the scaffolds_genomad/scaffolds_summary directory.                                                                                                                                                                                                
[12:06:12] Using scores from aggregated-classification.                                                                                                                                                                                                               
[12:06:13] 0 plasmid(s) and 24 virus(es) were identified.                                                                                                                                                                                                             
[12:06:13] Nucleotide sequences were written to scaffolds_plasmid.fna and scaffolds_virus.fna.                                                                                                                                                                        
[12:06:13] Protein sequences were written to scaffolds_plasmid_proteins.faa and scaffolds_virus_proteins.faa.                                                                                                                                                         
[12:06:13] Gene annotation data was written to scaffolds_plasmid_genes.tsv and scaffolds_virus_genes.tsv.                                                                                                                                                             
[12:06:13] Summary files were written to scaffolds_plasmid_summary.tsv and scaffolds_virus_summary.tsv.                                                                                                                                                               
[12:06:13] geNomad summary finished!                                                                                                                                                                                                                                  
