/users/as3243/.conda/nextflow/env-e8f7de97a875c34e459766f1c3bf24ff/lib/python3.11/site-packages/xgboost/core.py:377: FutureWarning: Your system has an old version of glibc (< 2.28). We will stop supporting Linux distros with glibc older than 2.28 after **May 31, 2025**. Please upgrade to a recent Linux distro (with glibc >= 2.28) to use future versions of XGBoost.
Note: You have installed the 'manylinux2014' variant of XGBoost. Certain features such as GPU algorithms or federated learning are not available. To use these features, please upgrade to a recent Linux distro with glibc 2.28+, and install the 'manylinux_2_28' variant.
  warnings.warn(
╭────────────────────────────────────────────────────────────────────────────────────────────────────────────────────────────────────────────────────────────────────────────────────────────────────────────────────────────────────────────────────────────────────╮
│  Executing geNomad annotate (v1.11.1). This will perform gene calling in the input sequences and annotate the predicted proteins with geNomad's markers.                                                                                                           │
│  ────────────────────────────────────────────────────────────────────────────────────────────────────────────────────────────────────────────────────────────────────────────────────────────────────────────────────────────────────────────────────────────────  │
│  Outputs:                                                                                                                                                                                                                                                          │
│    scaffolds_genomad/scaffolds_annotate                                                                                                                                                                                                                            │
│    ├── scaffolds_annotate.json (execution parameters)                                                                                                                                                                                                              │
│    ├── scaffolds_genes.tsv (gene annotation data)                                                                                                                                                                                                                  │
│    ├── scaffolds_taxonomy.tsv (taxonomic assignment)                                                                                                                                                                                                               │
│    ├── scaffolds_mmseqs2.tsv (MMseqs2 output file)                                                                                                                                                                                                                 │
│    └── scaffolds_proteins.faa (protein FASTA file)                                                                                                                                                                                                                 │
╰────────────────────────────────────────────────────────────────────────────────────────────────────────────────────────────────────────────────────────────────────────────────────────────────────────────────────────────────────────────────────────────────────╯
[12:01:59] Executing genomad annotate.                                                                                                                                                                                                                                
[12:01:59] Creating the scaffolds_genomad/scaffolds_annotate directory.                                                                                                                                                                                               
[12:02:00] Proteins predicted with pyrodigal-gv were written to scaffolds_proteins.faa.                                                                                                                                                                               
[12:03:37] Proteins annotated with MMseqs2 and geNomad database (v1.9) were written to scaffolds_mmseqs2.tsv.                                                                                                                                                         
[12:03:37] Deleting scaffolds_mmseqs2.                                                                                                                                                                                                                                
[12:03:43] Gene data was written to scaffolds_genes.tsv.                                                                                                                                                                                                              
[12:03:43] Taxonomic assignment data was written to scaffolds_taxonomy.tsv.                                                                                                                                                                                           
[12:03:43] geNomad annotate finished!                                                                                                                                                                                                                                 
╭────────────────────────────────────────────────────────────────────────────────────────────────────────────────────────────────────────────────────────────────────────────────────────────────────────────────────────────────────────────────────────────────────╮
│  Executing geNomad find-proviruses (v1.11.1). This will find putative proviral regions within the input sequences.                                                                                                                                                 │
│  ────────────────────────────────────────────────────────────────────────────────────────────────────────────────────────────────────────────────────────────────────────────────────────────────────────────────────────────────────────────────────────────────  │
│  Outputs:                                                                                                                                                                                                                                                          │
│    scaffolds_genomad/scaffolds_find_proviruses                                                                                                                                                                                                                     │
│    ├── scaffolds_find_proviruses.json (execution parameters)                                                                                                                                                                                                       │
│    ├── scaffolds_provirus.tsv (provirus data)                                                                                                                                                                                                                      │
│    ├── scaffolds_provirus.fna (provirus nucleotide sequences)                                                                                                                                                                                                      │
│    ├── scaffolds_provirus_proteins.faa (provirus protein sequences)                                                                                                                                                                                                │
│    ├── scaffolds_provirus_genes.tsv (provirus gene annotation data)                                                                                                                                                                                                │
│    ├── scaffolds_provirus_taxonomy.tsv (provirus taxonomic assignment)                                                                                                                                                                                             │
│    ├── scaffolds_provirus_mmseqs2.tsv (MMseqs2 output file)                                                                                                                                                                                                        │
│    └── scaffolds_provirus_aragorn.tsv (Aragorn output file)                                                                                                                                                                                                        │
╰────────────────────────────────────────────────────────────────────────────────────────────────────────────────────────────────────────────────────────────────────────────────────────────────────────────────────────────────────────────────────────────────────╯
[12:03:43] Executing genomad find-proviruses.                                                                                                                                                                                                                         
[12:03:43] Creating the scaffolds_genomad/scaffolds_find_proviruses directory.                                                                                                                                                                                        
[12:03:44] No potential provirus-carrying sequences were identified.                                                                                                                                                                                                  
[12:03:44] geNomad find-proviruses finished!                                                                                                                                                                                                                          
╭────────────────────────────────────────────────────────────────────────────────────────────────────────────────────────────────────────────────────────────────────────────────────────────────────────────────────────────────────────────────────────────────────╮
│  Executing geNomad marker-classification (v1.11.1). This will classify the input sequences into chromosome, plasmid, or virus based on the presence of geNomad markers and other gene-related features.                                                            │
│  ────────────────────────────────────────────────────────────────────────────────────────────────────────────────────────────────────────────────────────────────────────────────────────────────────────────────────────────────────────────────────────────────  │
│  Outputs:                                                                                                                                                                                                                                                          │
│    scaffolds_genomad/scaffolds_marker_classification                                                                                                                                                                                                               │
│    ├── scaffolds_marker_classification.json (execution parameters)                                                                                                                                                                                                 │
│    ├── scaffolds_features.tsv (sequence feature data: tabular format)                                                                                                                                                                                              │
│    ├── scaffolds_features.npz (sequence feature data: binary format)                                                                                                                                                                                               │
│    ├── scaffolds_marker_classification.tsv (sequence classification: tabular format)                                                                                                                                                                               │
│    └── scaffolds_marker_classification.npz (sequence classification: binary format)                                                                                                                                                                                │
╰────────────────────────────────────────────────────────────────────────────────────────────────────────────────────────────────────────────────────────────────────────────────────────────────────────────────────────────────────────────────────────────────────╯
[12:03:44] Executing genomad marker-classification.                                                                                                                                                                                                                   
[12:03:44] Creating the scaffolds_genomad/scaffolds_marker_classification directory.                                                                                                                                                                                  
[12:03:44] Sequence features computed.                                                                                                                                                                                                                                
[12:03:44] Sequence features in binary format written to scaffolds_features.npz.                                                                                                                                                                                      
[12:03:44] Sequence features in tabular format written to scaffolds_features.tsv.                                                                                                                                                                                     
[12:03:44] Sequences classified.                                                                                                                                                                                                                                      
[12:03:44] Sequence classification in binary format written to scaffolds_marker_classification.npz.                                                                                                                                                                   
[12:03:44] Sequence classification in tabular format written to scaffolds_marker_classification.tsv.                                                                                                                                                                  
[12:03:44] geNomad marker-classification finished!                                                                                                                                                                                                                    
2025-10-22 12:03:45.133830: E external/local_xla/xla/stream_executor/cuda/cuda_fft.cc:467] Unable to register cuFFT factory: Attempting to register factory for plugin cuFFT when one has already been registered
WARNING: All log messages before absl::InitializeLog() is called are written to STDERR
E0000 00:00:1761131025.152526 4159796 cuda_dnn.cc:8579] Unable to register cuDNN factory: Attempting to register factory for plugin cuDNN when one has already been registered
E0000 00:00:1761131025.158506 4159796 cuda_blas.cc:1407] Unable to register cuBLAS factory: Attempting to register factory for plugin cuBLAS when one has already been registered
W0000 00:00:1761131025.223753 4159796 computation_placer.cc:177] computation placer already registered. Please check linkage and avoid linking the same target more than once.
W0000 00:00:1761131025.223767 4159796 computation_placer.cc:177] computation placer already registered. Please check linkage and avoid linking the same target more than once.
W0000 00:00:1761131025.223770 4159796 computation_placer.cc:177] computation placer already registered. Please check linkage and avoid linking the same target more than once.
W0000 00:00:1761131025.223772 4159796 computation_placer.cc:177] computation placer already registered. Please check linkage and avoid linking the same target more than once.
╭────────────────────────────────────────────────────────────────────────────────────────────────────────────────────────────────────────────────────────────────────────────────────────────────────────────────────────────────────────────────────────────────────╮
│  Executing geNomad nn-classification (v1.11.1). This will classify the input sequences into chromosome, plasmid, or virus based on the nucleotide sequence.                                                                                                        │
│  ────────────────────────────────────────────────────────────────────────────────────────────────────────────────────────────────────────────────────────────────────────────────────────────────────────────────────────────────────────────────────────────────  │
│  Outputs:                                                                                                                                                                                                                                                          │
│    scaffolds_genomad/scaffolds_nn_classification                                                                                                                                                                                                                   │
│    ├── scaffolds_nn_classification.json (execution parameters)                                                                                                                                                                                                     │
│    ├── scaffolds_encoded_sequences (directory containing encoded sequence data)                                                                                                                                                                                    │
│    ├── scaffolds_nn_classification.tsv (contig classification: tabular format)                                                                                                                                                                                     │
│    └── scaffolds_nn_classification.npz (contig classification: binary format)                                                                                                                                                                                      │
╰────────────────────────────────────────────────────────────────────────────────────────────────────────────────────────────────────────────────────────────────────────────────────────────────────────────────────────────────────────────────────────────────────╯
[12:03:48] Executing genomad nn-classification.                                                                                                                                                                                                                       
[12:03:48] Creating the scaffolds_genomad/scaffolds_nn_classification directory.                                                                                                                                                                                      
[12:03:48] Creating the scaffolds_genomad/scaffolds_nn_classification/scaffolds_encoded_sequences directory.                                                                                                                                                          
[12:03:48] Encoded sequence data written to scaffolds_encoded_sequences.                                                                                                                                                                                              
2025-10-22 12:03:48.880584: E external/local_xla/xla/stream_executor/cuda/cuda_platform.cc:51] failed call to cuInit: INTERNAL: CUDA error: Failed call to cuInit: UNKNOWN ERROR (303)

[12:03:55] Sequences classified.                                                                                                                                                                                                                                      
[12:03:55] Sequence classification in binary format written to scaffolds_nn_classification.npz.                                                                                                                                                                       
[12:03:55] Deleting encoded sequence data.                                                                                                                                                                                                                            
[12:03:55] Sequence classification in tabular format written to scaffolds_nn_classification.tsv.                                                                                                                                                                      
[12:03:55] geNomad nn-classification finished!                                                                                                                                                                                                                        
╭────────────────────────────────────────────────────────────────────────────────────────────────────────────────────────────────────────────────────────────────────────────────────────────────────────────────────────────────────────────────────────────────────╮
│  Executing geNomad aggregated-classification (v1.11.1). This will aggregate the results of the marker-classification and nn-classification modules to classify the input sequences into chromosome, plasmid, or virus.                                             │
│  ────────────────────────────────────────────────────────────────────────────────────────────────────────────────────────────────────────────────────────────────────────────────────────────────────────────────────────────────────────────────────────────────  │
│  Outputs:                                                                                                                                                                                                                                                          │
│    scaffolds_genomad/scaffolds_aggregated_classification                                                                                                                                                                                                           │
│    ├── scaffolds_aggregated_classification.json (execution parameters)                                                                                                                                                                                             │
│    ├── scaffolds_aggregated_classification.tsv (sequence classification: tabular format)                                                                                                                                                                           │
│    └── scaffolds_aggregated_classification.npz (sequence classification: binary format)                                                                                                                                                                            │
╰────────────────────────────────────────────────────────────────────────────────────────────────────────────────────────────────────────────────────────────────────────────────────────────────────────────────────────────────────────────────────────────────────╯
[12:03:55] Executing genomad aggregated-classification.                                                                                                                                                                                                               
[12:03:55] Creating the scaffolds_genomad/scaffolds_aggregated_classification directory.                                                                                                                                                                              
[12:03:55] The total marker frequencies of the input sequences were computed.                                                                                                                                                                                         
[12:03:55] Sequences classified.                                                                                                                                                                                                                                      
[12:03:55] Sequence classification in binary format written to scaffolds_aggregated_classification.npz.                                                                                                                                                               
[12:03:55] Sequence classification in tabular format written to scaffolds_aggregated_classification.tsv.                                                                                                                                                              
[12:03:55] geNomad aggregated-classification finished!                                                                                                                                                                                                                
╭────────────────────────────────────────────────────────────────────────────────────────────────────────────────────────────────────────────────────────────────────────────────────────────────────────────────────────────────────────────────────────────────────╮
│  Executing geNomad summary (v1.11.1). This will summarize the results across modules into a classification report.                                                                                                                                                 │
│  ────────────────────────────────────────────────────────────────────────────────────────────────────────────────────────────────────────────────────────────────────────────────────────────────────────────────────────────────────────────────────────────────  │
│  Outputs:                                                                                                                                                                                                                                                          │
│    scaffolds_genomad/scaffolds_summary                                                                                                                                                                                                                             │
│    ├── scaffolds_summary.json (execution parameters)                                                                                                                                                                                                               │
│    ├── scaffolds_virus_summary.tsv (virus classification summary)                                                                                                                                                                                                  │
│    ├── scaffolds_plasmid_summary.tsv (plasmid classification summary)                                                                                                                                                                                              │
│    ├── scaffolds_virus.fna (virus nucleotide FASTA file)                                                                                                                                                                                                           │
│    ├── scaffolds_plasmid.fna (plasmid nucleotide FASTA file)                                                                                                                                                                                                       │
│    ├── scaffolds_virus_proteins.faa (virus protein FASTA file)                                                                                                                                                                                                     │
│    ├── scaffolds_plasmid_proteins.faa (plasmid protein FASTA file)                                                                                                                                                                                                 │
│    ├── scaffolds_virus_genes.tsv (virus gene annotation data)                                                                                                                                                                                                      │
│    └── scaffolds_plasmid_genes.tsv (plasmid gene annotation data)                                                                                                                                                                                                  │
╰────────────────────────────────────────────────────────────────────────────────────────────────────────────────────────────────────────────────────────────────────────────────────────────────────────────────────────────────────────────────────────────────────╯
[12:03:55] Executing genomad summary.                                                                                                                                                                                                                                 
[12:03:55] Creating the scaffolds_genomad/scaffolds_summary directory.                                                                                                                                                                                                
[12:03:55] Using scores from aggregated-classification.                                                                                                                                                                                                               
[12:03:55] 0 plasmid(s) and 24 virus(es) were identified.                                                                                                                                                                                                             
[12:03:55] Nucleotide sequences were written to scaffolds_plasmid.fna and scaffolds_virus.fna.                                                                                                                                                                        
[12:03:55] Protein sequences were written to scaffolds_plasmid_proteins.faa and scaffolds_virus_proteins.faa.                                                                                                                                                         
[12:03:55] Gene annotation data was written to scaffolds_plasmid_genes.tsv and scaffolds_virus_genes.tsv.                                                                                                                                                             
[12:03:55] Summary files were written to scaffolds_plasmid_summary.tsv and scaffolds_virus_summary.tsv.                                                                                                                                                               
[12:03:55] geNomad summary finished!                                                                                                                                                                                                                                  

============================
 Job utilisation efficiency
============================

Job ID: 25574004
Cluster: viking2.yor.alces.network
User/Group: as3243/clusterusers
State: COMPLETED (exit code 0)
Nodes: 1
Cores per node: 8
CPU Utilized: 00:10:57
CPU Efficiency: 65.70% of 00:16:40 core-walltime
Job Wall-clock time: 00:02:05
Memory Utilized: 3.44 GB
Memory Efficiency: 10.74% of 32.00 GB
 Requested wall clock time: 12:00:00
    Actual wall clock time: 00:02:05
Wall clock time efficiency: 0.3%
           Job queued time: 00:00:23
