Error: database dir not specified
Use -d or set CHECKVDB environmental variable

============================
 Job utilisation efficiency
============================

Job ID: 25576229
Cluster: viking2.yor.alces.network
User/Group: as3243/clusterusers
State: FAILED (exit code 1)
Nodes: 1
Cores per node: 8
CPU Utilized: 00:00:02
CPU Efficiency: 0.93% of 00:03:36 core-walltime
Job Wall-clock time: 00:00:27
Memory Utilized: 4.91 MB
Memory Efficiency: 0.01% of 32.00 GB
 Requested wall clock time: 12:00:00
    Actual wall clock time: 00:00:27
Wall clock time efficiency: 0.1%
           Job queued time: 00:18:13
