Error: database dir not specified
Use -d or set CHECKVDB environmental variable

============================
 Job utilisation efficiency
============================

Job ID: 25576224
Cluster: viking2.yor.alces.network
User/Group: as3243/clusterusers
State: FAILED (exit code 1)
Nodes: 1
Cores per node: 4
CPU Utilized: 00:00:02
CPU Efficiency: 0.91% of 00:03:40 core-walltime
Job Wall-clock time: 00:00:55
Memory Utilized: 92.46 MB
Memory Efficiency: 0.56% of 16.00 GB
 Requested wall clock time: 06:00:00
    Actual wall clock time: 00:00:55
Wall clock time efficiency: 0.3%
           Job queued time: 00:00:12
