╭──────────────────────────────────────────────────────────────────────────────────────────────────────────────────────────────────────────────────────────────────────────────────────────────────────────────────────────────────────────────────────────────╮
│  Executing geNomad marker-classification (v1.11.1). This will classify the input sequences into chromosome, plasmid, or virus based on the presence of geNomad markers and other gene-related features.                                                      │
│  ──────────────────────────────────────────────────────────────────────────────────────────────────────────────────────────────────────────────────────────────────────────────────────────────────────────────────────────────────────────────────────────  │
│  Outputs:                                                                                                                                                                                                                                                    │
│    scaffolds_genomad/scaffolds_marker_classification                                                                                                                                                                                                         │
│    ├── scaffolds_marker_classification.json (execution parameters)                                                                                                                                                                                           │
│    ├── scaffolds_features.tsv (sequence feature data: tabular format)                                                                                                                                                                                        │
│    ├── scaffolds_features.npz (sequence feature data: binary format)                                                                                                                                                                                         │
│    ├── scaffolds_marker_classification.tsv (sequence classification: tabular format)                                                                                                                                                                         │
│    └── scaffolds_marker_classification.npz (sequence classification: binary format)                                                                                                                                                                          │
╰──────────────────────────────────────────────────────────────────────────────────────────────────────────────────────────────────────────────────────────────────────────────────────────────────────────────────────────────────────────────────────────────╯
[12:20:03] Executing genomad marker-classification.                                                                                                                                                                                                             
[12:20:03] Creating the scaffolds_genomad/scaffolds_marker_classification directory.                                                                                                                                                                            
[12:20:03] Sequence features computed.                                                                                                                                                                                                                          
[12:20:03] Sequence features in binary format written to scaffolds_features.npz.                                                                                                                                                                                
[12:20:03] Sequence features in tabular format written to scaffolds_features.tsv.                                                                                                                                                                               
[12:20:03] Sequences classified.                                                                                                                                                                                                                                
[12:20:03] Sequence classification in binary format written to scaffolds_marker_classification.npz.                                                                                                                                                             
[12:20:03] Sequence classification in tabular format written to scaffolds_marker_classification.tsv.                                                                                                                                                            
[12:20:03] geNomad marker-classification finished!                                                                                                                                                                                                              
