Error: database dir not specified
Use -d or set CHECKVDB environmental variable

============================
 Job utilisation efficiency
============================

Job ID: 25576334
Cluster: viking2.yor.alces.network
User/Group: as3243/clusterusers
State: FAILED (exit code 1)
Nodes: 1
Cores per node: 12
CPU Utilized: 00:00:03
CPU Efficiency: 12.50% of 00:00:24 core-walltime
Job Wall-clock time: 00:00:02
Memory Utilized: 4.86 MB
Memory Efficiency: 0.01% of 48.00 GB
 Requested wall clock time: 18:00:00
    Actual wall clock time: 00:00:02
Wall clock time efficiency: 0.0%
           Job queued time: 00:06:15
