╭──────────────────────────────────────────────────────────────────────────────────────────────────────────────────────────────────────────────────────────────────────────────────────────────────────────────────────────────────────────────────────────────╮
│  Executing geNomad annotate (v1.11.1). This will perform gene calling in the input sequences and annotate the predicted proteins with geNomad's markers.                                                                                                     │
│  ──────────────────────────────────────────────────────────────────────────────────────────────────────────────────────────────────────────────────────────────────────────────────────────────────────────────────────────────────────────────────────────  │
│  Outputs:                                                                                                                                                                                                                                                    │
│    003_genomad/003_annotate                                                                                                                                                                                                                                  │
│    ├── 003_annotate.json (execution parameters)                                                                                                                                                                                                              │
│    ├── 003_genes.tsv (gene annotation data)                                                                                                                                                                                                                  │
│    ├── 003_taxonomy.tsv (taxonomic assignment)                                                                                                                                                                                                               │
│    ├── 003_mmseqs2.tsv (MMseqs2 output file)                                                                                                                                                                                                                 │
│    └── 003_proteins.faa (protein FASTA file)                                                                                                                                                                                                                 │
╰──────────────────────────────────────────────────────────────────────────────────────────────────────────────────────────────────────────────────────────────────────────────────────────────────────────────────────────────────────────────────────────────╯
[12:45:30] Executing genomad annotate.                                                                                                                                                                                                                          
[12:45:30] Creating the 003_genomad/003_annotate directory.                                                                                                                                                                                                     
[12:45:31] Proteins predicted with pyrodigal-gv were written to 003_proteins.faa.                                                                                                                                                                               
[12:47:17] Proteins annotated with MMseqs2 and geNomad database (v1.9) were written to 003_mmseqs2.tsv.                                                                                                                                                         
[12:47:17] Deleting 003_mmseqs2.                                                                                                                                                                                                                                
[12:47:23] Gene data was written to 003_genes.tsv.                                                                                                                                                                                                              
[12:47:23] Taxonomic assignment data was written to 003_taxonomy.tsv.                                                                                                                                                                                           
[12:47:23] geNomad annotate finished!                                                                                                                                                                                                                           
╭──────────────────────────────────────────────────────────────────────────────────────────────────────────────────────────────────────────────────────────────────────────────────────────────────────────────────────────────────────────────────────────────╮
│  Executing geNomad find-proviruses (v1.11.1). This will find putative proviral regions within the input sequences.                                                                                                                                           │
│  ──────────────────────────────────────────────────────────────────────────────────────────────────────────────────────────────────────────────────────────────────────────────────────────────────────────────────────────────────────────────────────────  │
│  Outputs:                                                                                                                                                                                                                                                    │
│    003_genomad/003_find_proviruses                                                                                                                                                                                                                           │
│    ├── 003_find_proviruses.json (execution parameters)                                                                                                                                                                                                       │
│    ├── 003_provirus.tsv (provirus data)                                                                                                                                                                                                                      │
│    ├── 003_provirus.fna (provirus nucleotide sequences)                                                                                                                                                                                                      │
│    ├── 003_provirus_proteins.faa (provirus protein sequences)                                                                                                                                                                                                │
│    ├── 003_provirus_genes.tsv (provirus gene annotation data)                                                                                                                                                                                                │
│    ├── 003_provirus_taxonomy.tsv (provirus taxonomic assignment)                                                                                                                                                                                             │
│    ├── 003_provirus_mmseqs2.tsv (MMseqs2 output file)                                                                                                                                                                                                        │
│    └── 003_provirus_aragorn.tsv (Aragorn output file)                                                                                                                                                                                                        │
╰──────────────────────────────────────────────────────────────────────────────────────────────────────────────────────────────────────────────────────────────────────────────────────────────────────────────────────────────────────────────────────────────╯
[12:47:23] Executing genomad find-proviruses.                                                                                                                                                                                                                   
[12:47:23] Creating the 003_genomad/003_find_proviruses directory.                                                                                                                                                                                              
[12:47:24] No potential provirus-carrying sequences were identified.                                                                                                                                                                                            
[12:47:24] geNomad find-proviruses finished!                                                                                                                                                                                                                    
╭──────────────────────────────────────────────────────────────────────────────────────────────────────────────────────────────────────────────────────────────────────────────────────────────────────────────────────────────────────────────────────────────╮
│  Executing geNomad marker-classification (v1.11.1). This will classify the input sequences into chromosome, plasmid, or virus based on the presence of geNomad markers and other gene-related features.                                                      │
│  ──────────────────────────────────────────────────────────────────────────────────────────────────────────────────────────────────────────────────────────────────────────────────────────────────────────────────────────────────────────────────────────  │
│  Outputs:                                                                                                                                                                                                                                                    │
│    003_genomad/003_marker_classification                                                                                                                                                                                                                     │
│    ├── 003_marker_classification.json (execution parameters)                                                                                                                                                                                                 │
│    ├── 003_features.tsv (sequence feature data: tabular format)                                                                                                                                                                                              │
│    ├── 003_features.npz (sequence feature data: binary format)                                                                                                                                                                                               │
│    ├── 003_marker_classification.tsv (sequence classification: tabular format)                                                                                                                                                                               │
│    └── 003_marker_classification.npz (sequence classification: binary format)                                                                                                                                                                                │
╰──────────────────────────────────────────────────────────────────────────────────────────────────────────────────────────────────────────────────────────────────────────────────────────────────────────────────────────────────────────────────────────────╯
[12:47:24] Executing genomad marker-classification.                                                                                                                                                                                                             
[12:47:24] Creating the 003_genomad/003_marker_classification directory.                                                                                                                                                                                        
[12:47:24] Sequence features computed.                                                                                                                                                                                                                          
[12:47:24] Sequence features in binary format written to 003_features.npz.                                                                                                                                                                                      
[12:47:25] Sequence features in tabular format written to 003_features.tsv.                                                                                                                                                                                     
[12:47:25] Sequences classified.                                                                                                                                                                                                                                
[12:47:25] Sequence classification in binary format written to 003_marker_classification.npz.                                                                                                                                                                   
[12:47:25] Sequence classification in tabular format written to 003_marker_classification.tsv.                                                                                                                                                                  
[12:47:25] geNomad marker-classification finished!                                                                                                                                                                                                              
╭──────────────────────────────────────────────────────────────────────────────────────────────────────────────────────────────────────────────────────────────────────────────────────────────────────────────────────────────────────────────────────────────╮
│  Executing geNomad nn-classification (v1.11.1). This will classify the input sequences into chromosome, plasmid, or virus based on the nucleotide sequence.                                                                                                  │
│  ──────────────────────────────────────────────────────────────────────────────────────────────────────────────────────────────────────────────────────────────────────────────────────────────────────────────────────────────────────────────────────────  │
│  Outputs:                                                                                                                                                                                                                                                    │
│    003_genomad/003_nn_classification                                                                                                                                                                                                                         │
│    ├── 003_nn_classification.json (execution parameters)                                                                                                                                                                                                     │
│    ├── 003_encoded_sequences (directory containing encoded sequence data)                                                                                                                                                                                    │
│    ├── 003_nn_classification.tsv (contig classification: tabular format)                                                                                                                                                                                     │
│    └── 003_nn_classification.npz (contig classification: binary format)                                                                                                                                                                                      │
╰──────────────────────────────────────────────────────────────────────────────────────────────────────────────────────────────────────────────────────────────────────────────────────────────────────────────────────────────────────────────────────────────╯
[12:47:28] Executing genomad nn-classification.                                                                                                                                                                                                                 
[12:47:28] Creating the 003_genomad/003_nn_classification directory.                                                                                                                                                                                            
[12:47:28] Creating the 003_genomad/003_nn_classification/003_encoded_sequences directory.                                                                                                                                                                      
[12:47:29] Encoded sequence data written to 003_encoded_sequences.                                                                                                                                                                                              

[12:47:31] Sequences classified.                                                                                                                                                                                                                                
[12:47:31] Sequence classification in binary format written to 003_nn_classification.npz.                                                                                                                                                                       
[12:47:31] Deleting encoded sequence data.                                                                                                                                                                                                                      
[12:47:31] Sequence classification in tabular format written to 003_nn_classification.tsv.                                                                                                                                                                      
[12:47:31] geNomad nn-classification finished!                                                                                                                                                                                                                  
╭──────────────────────────────────────────────────────────────────────────────────────────────────────────────────────────────────────────────────────────────────────────────────────────────────────────────────────────────────────────────────────────────╮
│  Executing geNomad aggregated-classification (v1.11.1). This will aggregate the results of the marker-classification and nn-classification modules to classify the input sequences into chromosome, plasmid, or virus.                                       │
│  ──────────────────────────────────────────────────────────────────────────────────────────────────────────────────────────────────────────────────────────────────────────────────────────────────────────────────────────────────────────────────────────  │
│  Outputs:                                                                                                                                                                                                                                                    │
│    003_genomad/003_aggregated_classification                                                                                                                                                                                                                 │
│    ├── 003_aggregated_classification.json (execution parameters)                                                                                                                                                                                             │
│    ├── 003_aggregated_classification.tsv (sequence classification: tabular format)                                                                                                                                                                           │
│    └── 003_aggregated_classification.npz (sequence classification: binary format)                                                                                                                                                                            │
╰──────────────────────────────────────────────────────────────────────────────────────────────────────────────────────────────────────────────────────────────────────────────────────────────────────────────────────────────────────────────────────────────╯
[12:47:31] Executing genomad aggregated-classification.                                                                                                                                                                                                         
[12:47:31] Creating the 003_genomad/003_aggregated_classification directory.                                                                                                                                                                                    
[12:47:31] The total marker frequencies of the input sequences were computed.                                                                                                                                                                                   
[12:47:31] Sequences classified.                                                                                                                                                                                                                                
[12:47:31] Sequence classification in binary format written to 003_aggregated_classification.npz.                                                                                                                                                               
[12:47:31] Sequence classification in tabular format written to 003_aggregated_classification.tsv.                                                                                                                                                              
[12:47:31] geNomad aggregated-classification finished!                                                                                                                                                                                                          
╭──────────────────────────────────────────────────────────────────────────────────────────────────────────────────────────────────────────────────────────────────────────────────────────────────────────────────────────────────────────────────────────────╮
│  Executing geNomad summary (v1.11.1). This will summarize the results across modules into a classification report.                                                                                                                                           │
│  ──────────────────────────────────────────────────────────────────────────────────────────────────────────────────────────────────────────────────────────────────────────────────────────────────────────────────────────────────────────────────────────  │
│  Outputs:                                                                                                                                                                                                                                                    │
│    003_genomad/003_summary                                                                                                                                                                                                                                   │
│    ├── 003_summary.json (execution parameters)                                                                                                                                                                                                               │
│    ├── 003_virus_summary.tsv (virus classification summary)                                                                                                                                                                                                  │
│    ├── 003_plasmid_summary.tsv (plasmid classification summary)                                                                                                                                                                                              │
│    ├── 003_virus.fna (virus nucleotide FASTA file)                                                                                                                                                                                                           │
│    ├── 003_plasmid.fna (plasmid nucleotide FASTA file)                                                                                                                                                                                                       │
│    ├── 003_virus_proteins.faa (virus protein FASTA file)                                                                                                                                                                                                     │
│    ├── 003_plasmid_proteins.faa (plasmid protein FASTA file)                                                                                                                                                                                                 │
│    ├── 003_virus_genes.tsv (virus gene annotation data)                                                                                                                                                                                                      │
│    └── 003_plasmid_genes.tsv (plasmid gene annotation data)                                                                                                                                                                                                  │
╰──────────────────────────────────────────────────────────────────────────────────────────────────────────────────────────────────────────────────────────────────────────────────────────────────────────────────────────────────────────────────────────────╯
[12:47:31] Executing genomad summary.                                                                                                                                                                                                                           
[12:47:31] Creating the 003_genomad/003_summary directory.                                                                                                                                                                                                      
[12:47:31] Using scores from aggregated-classification.                                                                                                                                                                                                         
[12:47:31] 0 plasmid(s) and 1 virus(es) were identified.                                                                                                                                                                                                        
[12:47:31] Nucleotide sequences were written to 003_plasmid.fna and 003_virus.fna.                                                                                                                                                                              
[12:47:31] Protein sequences were written to 003_plasmid_proteins.faa and 003_virus_proteins.faa.                                                                                                                                                               
[12:47:31] Gene annotation data was written to 003_plasmid_genes.tsv and 003_virus_genes.tsv.                                                                                                                                                                   
[12:47:31] Summary files were written to 003_plasmid_summary.tsv and 003_virus_summary.tsv.                                                                                                                                                                     
[12:47:31] geNomad summary finished!                                                                                                                                                                                                                            
